Info: Starting: Create block symbol file (.bsf)
Info: qsys-generate /homes/h01325347/TILAB/maintask/vhdl/fft/fft_body/fft_body.qsys --block-symbol-file --output-directory=/homes/h01325347/TILAB/maintask/vhdl/fft/fft_body/fft_body --family="Cyclone IV E" --part=EP4CE115F29C7
Progress: Loading fft_body/fft_body.qsys
Progress: Reading input file
Progress: Adding fft_ii_0 [altera_fft_ii 18.1]
Progress: Parameterizing module fft_ii_0
Progress: Building connections
Progress: Parameterizing connections
Progress: Validating
Progress: Done reading input file
Info: fft_body.fft_ii_0: Radix-2 digit reverse implied
Info: qsys-generate succeeded.
Info: Finished: Create block symbol file (.bsf)
Info: 
Info: Starting: Create HDL design files for synthesis
Info: qsys-generate /homes/h01325347/TILAB/maintask/vhdl/fft/fft_body/fft_body.qsys --synthesis=VHDL --output-directory=/homes/h01325347/TILAB/maintask/vhdl/fft/fft_body/fft_body/synthesis --family="Cyclone IV E" --part=EP4CE115F29C7
Progress: Loading fft_body/fft_body.qsys
Progress: Reading input file
Progress: Adding fft_ii_0 [altera_fft_ii 18.1]
Progress: Parameterizing module fft_ii_0
Progress: Building connections
Progress: Parameterizing connections
Progress: Validating
Progress: Done reading input file
Info: fft_body.fft_ii_0: Radix-2 digit reverse implied
Info: fft_body: Generating fft_body "fft_body" for QUARTUS_SYNTH
Info: fft_ii_0: --- add file: fft_body_fft_ii_0_3n8192cos.hex
Info: fft_ii_0: --- add file: fft_body_fft_ii_0_2n8192sin.hex
Info: fft_ii_0: --- add file: fft_body_fft_ii_0_3n8192sin.hex
Info: fft_ii_0: --- add file: fft_body_fft_ii_0_1n8192cos.hex
Info: fft_ii_0: --- add file: fft_body_fft_ii_0_2n8192cos.hex
Info: fft_ii_0: --- add file: fft_body_fft_ii_0_1n8192sin.hex
Info: fft_ii_0: "fft_body" instantiated altera_fft_ii "fft_ii_0"
Info: fft_body: Done "fft_body" with 2 modules, 108 files
Info: qsys-generate succeeded.
Info: Finished: Create HDL design files for synthesis
